<?xml version="1.0" encoding="UTF-8"?>
<testsuite name="WordTest" tests="6" skipped="0" failures="0" errors="0" timestamp="2015-08-22T00:37:36" hostname="epicodus-101.local" time="0.001">
  <properties/>
  <testcase name="word_manifestsSameWord_true" classname="WordTest" time="0.0"/>
  <testcase name="find_returnsWordWithSameId_secondtitle" classname="WordTest" time="0.0"/>
  <testcase name="word_returnsMultipleWordsFromArrayList_true" classname="WordTest" time="0.0"/>
  <testcase name="find_returnsNullForNoWordWithThatId_null" classname="WordTest" time="0.001"/>
  <testcase name="word_instantiatesCorrectly_true" classname="WordTest" time="0.0"/>
  <testcase name="word_instantiatesIdCorrectly_true" classname="WordTest" time="0.0"/>
  <system-out><![CDATA[]]></system-out>
  <system-err><![CDATA[]]></system-err>
</testsuite>
