<?xml version="1.0" encoding="UTF-8"?>
<testsuite name="AppTest" tests="5" skipped="0" failures="0" errors="0" timestamp="2015-09-11T04:20:57" hostname="oems-MacBook-Pro.local" time="0.574">
  <properties/>
  <testcase name="addWord" classname="AppTest" time="0.413"/>
  <testcase name="selectIndividualWordPage" classname="AppTest" time="0.038"/>
  <testcase name="addMultipleWords" classname="AppTest" time="0.043"/>
  <testcase name="rootTest" classname="AppTest" time="0.01"/>
  <testcase name="addMeaningsToAWord" classname="AppTest" time="0.047"/>
  <system-out><![CDATA[]]></system-out>
  <system-err><![CDATA[[Thread-4] INFO spark.webserver.SparkServer - == Spark has ignited ...
[Thread-4] INFO spark.webserver.SparkServer - >> Listening on 0.0.0.0:4567
[Thread-4] INFO org.eclipse.jetty.server.Server - jetty-9.0.2.v20130417
[Thread-4] INFO org.eclipse.jetty.server.ServerConnector - Started ServerConnector@2638b1f9{HTTP/1.1}{0.0.0.0:4567}
[Test worker] INFO spark.webserver.SparkServer - >>> Spark shutting down ...
[Test worker] INFO org.eclipse.jetty.server.Server - Graceful shutdown org.eclipse.jetty.server.Server@81ba13 by 
[Test worker] INFO org.eclipse.jetty.server.ServerConnector - Stopped ServerConnector@2638b1f9{HTTP/1.1}{0.0.0.0:4567}
[Test worker] INFO spark.webserver.SparkServer - done
]]></system-err>
</testsuite>
